app/build/intermediates/manifest_merge_blame_file/debug/manifest-merger-blame-debug-report.txt
1<?xml version="1.0" encoding="utf-8"?>
2<manifest xmlns:android="http://schemas.android.com/apk/res/android"
3    package="com.appynitty.sba_deoli"
4    android:versionCode="26"
5    android:versionName="12.3" >
6
7    <uses-sdk
8        android:minSdkVersion="23"
8-->src/main/AndroidManifest.xml
9        android:targetSdkVersion="29" />
9-->src/main/AndroidManifest.xml
10
11    <uses-permission android:name="android.permission.ACCESS_WIFI_STATE" />
11-->[:swachbharatabhiyanlibrary-release:] AndroidManifest.xml:11:5-76
11-->[:swachbharatabhiyanlibrary-release:] AndroidManifest.xml:11:22-73
12    <uses-permission android:name="android.permission.CHANGE_WIFI_STATE" />
12-->[:swachbharatabhiyanlibrary-release:] AndroidManifest.xml:12:5-76
12-->[:swachbharatabhiyanlibrary-release:] AndroidManifest.xml:12:22-73
13    <uses-permission android:name="android.permission.ACCESS_NETWORK_STATE" />
13-->[:swachbharatabhiyanlibrary-release:] AndroidManifest.xml:13:5-79
13-->[:swachbharatabhiyanlibrary-release:] AndroidManifest.xml:13:22-76
14    <uses-permission android:name="android.permission.INTERNET" />
14-->[:swachbharatabhiyanlibrary-release:] AndroidManifest.xml:14:5-67
14-->[:swachbharatabhiyanlibrary-release:] AndroidManifest.xml:14:22-64
15    <uses-permission android:name="android.permission.CAMERA" />
15-->[:swachbharatabhiyanlibrary-release:] AndroidManifest.xml:15:5-65
15-->[:swachbharatabhiyanlibrary-release:] AndroidManifest.xml:15:22-62
16    <uses-permission android:name="android.permission.READ_EXTERNAL_STORAGE" />
16-->[:swachbharatabhiyanlibrary-release:] AndroidManifest.xml:16:5-80
16-->[:swachbharatabhiyanlibrary-release:] AndroidManifest.xml:16:22-77
17    <uses-permission android:name="android.permission.RECEIVE_BOOT_COMPLETED" />
17-->[:swachbharatabhiyanlibrary-release:] AndroidManifest.xml:17:5-81
17-->[:swachbharatabhiyanlibrary-release:] AndroidManifest.xml:17:22-78
18    <uses-permission android:name="android.permission.WRITE_EXTERNAL_STORAGE" />
18-->[:swachbharatabhiyanlibrary-release:] AndroidManifest.xml:18:5-81
18-->[:swachbharatabhiyanlibrary-release:] AndroidManifest.xml:18:22-78
19    <uses-permission android:name="android.permission.ACCESS_FINE_LOCATION" />
19-->[:swachbharatabhiyanlibrary-release:] AndroidManifest.xml:19:5-79
19-->[:swachbharatabhiyanlibrary-release:] AndroidManifest.xml:19:22-76
20    <uses-permission android:name="android.permission.ACCESS_COARSE_LOCATION" />
20-->[:swachbharatabhiyanlibrary-release:] AndroidManifest.xml:20:5-81
20-->[:swachbharatabhiyanlibrary-release:] AndroidManifest.xml:20:22-78
21    <uses-permission android:name="android.permission.READ_PHONE_STATE" />
21-->[:swachbharatabhiyanlibrary-release:] AndroidManifest.xml:21:5-75
21-->[:swachbharatabhiyanlibrary-release:] AndroidManifest.xml:21:22-72
22    <uses-permission android:name="android.permission.FOREGROUND_SERVICE" />
22-->[:swachbharatabhiyanlibrary-release:] AndroidManifest.xml:22:5-77
22-->[:swachbharatabhiyanlibrary-release:] AndroidManifest.xml:22:22-74
23    <uses-permission android:name="android.permission.WAKE_LOCK" />
23-->[:swachbharatabhiyanlibrary-release:] AndroidManifest.xml:23:5-68
23-->[:swachbharatabhiyanlibrary-release:] AndroidManifest.xml:23:22-65
24    <uses-permission android:name="android.permission.FOREGROUND_SERVICE" />
24-->[:swachbharatabhiyanlibrary-release:] AndroidManifest.xml:22:5-77
24-->[:swachbharatabhiyanlibrary-release:] AndroidManifest.xml:22:22-74
25    <uses-permission android:name="android.permission.ACCESS_BACKGROUND_LOCATION" /> <!-- Required by older versions of Google Play services to create GCM registration tokens -->
25-->[:swachbharatabhiyanlibrary-release:] AndroidManifest.xml:25:5-85
25-->[:swachbharatabhiyanlibrary-release:] AndroidManifest.xml:25:22-82
26    <uses-permission android:name="com.google.android.c2dm.permission.RECEIVE" />
26-->[com.google.android.gms:play-services-gcm:12.0.1] AndroidManifest.xml:23:5-82
26-->[com.google.android.gms:play-services-gcm:12.0.1] AndroidManifest.xml:23:22-79
27
28    <uses-feature
28-->[com.google.android.gms:play-services-maps:12.0.1] AndroidManifest.xml:26:5-28:35
29        android:glEsVersion="0x00020000"
29-->[com.google.android.gms:play-services-maps:12.0.1] AndroidManifest.xml:27:9-41
30        android:required="true" />
30-->[com.google.android.gms:play-services-maps:12.0.1] AndroidManifest.xml:28:9-32
31
32    <permission
32-->[com.google.firebase:firebase-iid:12.0.1] AndroidManifest.xml:28:5-30:47
33        android:name="com.appynitty.sba_deoli.permission.C2D_MESSAGE"
33-->[com.google.firebase:firebase-iid:12.0.1] AndroidManifest.xml:29:9-63
34        android:protectionLevel="signature" />
34-->[com.google.firebase:firebase-iid:12.0.1] AndroidManifest.xml:30:9-44
35
36    <uses-permission android:name="com.appynitty.sba_deoli.permission.C2D_MESSAGE" />
36-->[com.google.firebase:firebase-iid:12.0.1] AndroidManifest.xml:32:5-79
36-->[com.google.firebase:firebase-iid:12.0.1] AndroidManifest.xml:32:22-76
37
38    <application
38-->src/main/AndroidManifest.xml:7:5-27:19
39        android:name="com.appynitty.swachbharatabhiyanlibrary.utils.MyApplication"
39-->src/main/AndroidManifest.xml:8:9-83
40        android:allowBackup="true"
40-->src/main/AndroidManifest.xml:9:9-35
41        android:appComponentFactory="androidx.core.app.CoreComponentFactory"
41-->[androidx.core:core:1.0.0] AndroidManifest.xml:22:18-86
42        android:debuggable="true"
43        android:extractNativeLibs="false"
44        android:icon="@mipmap/ic_launcher"
44-->src/main/AndroidManifest.xml:10:9-43
45        android:label="@string/display_app_name"
45-->src/main/AndroidManifest.xml:11:9-49
46        android:largeHeap="true"
46-->[:swachbharatabhiyanlibrary-release:] AndroidManifest.xml:34:9-33
47        android:networkSecurityConfig="@xml/network_config"
47-->[:swachbharatabhiyanlibrary-release:] AndroidManifest.xml:35:9-60
48        android:requestLegacyExternalStorage="true"
48-->src/main/AndroidManifest.xml:13:9-52
49        android:roundIcon="@mipmap/ic_launcher_round"
49-->src/main/AndroidManifest.xml:12:9-54
50        android:supportsRtl="true"
50-->src/main/AndroidManifest.xml:14:9-35
51        android:theme="@style/AppTheme" >
51-->src/main/AndroidManifest.xml:16:9-40
52        <activity android:name="com.appynitty.sba_deoli.MainActivity" >
52-->src/main/AndroidManifest.xml:19:9-25:20
52-->src/main/AndroidManifest.xml:19:19-47
53            <intent-filter>
53-->src/main/AndroidManifest.xml:20:13-24:29
54                <action android:name="android.intent.action.MAIN" />
54-->src/main/AndroidManifest.xml:21:17-69
54-->src/main/AndroidManifest.xml:21:25-66
55
56                <category android:name="android.intent.category.LAUNCHER" />
56-->src/main/AndroidManifest.xml:23:17-77
56-->src/main/AndroidManifest.xml:23:27-74
57            </intent-filter>
58        </activity>
59
60        <service
60-->[com.squareup.leakcanary:leakcanary-android:2.5] AndroidManifest.xml:23:9-25:40
61            android:name="leakcanary.internal.HeapAnalyzerService"
61-->[com.squareup.leakcanary:leakcanary-android:2.5] AndroidManifest.xml:24:13-67
62            android:exported="false" />
62-->[com.squareup.leakcanary:leakcanary-android:2.5] AndroidManifest.xml:25:13-37
63
64        <receiver android:name="com.google.android.gms.cast.framework.media.MediaIntentReceiver" />
64-->[com.google.android.gms:play-services-cast-framework:12.0.1] AndroidManifest.xml:8:9-100
64-->[com.google.android.gms:play-services-cast-framework:12.0.1] AndroidManifest.xml:8:19-97
65
66        <service android:name="com.google.android.gms.cast.framework.media.MediaNotificationService" />
66-->[com.google.android.gms:play-services-cast-framework:12.0.1] AndroidManifest.xml:10:9-104
66-->[com.google.android.gms:play-services-cast-framework:12.0.1] AndroidManifest.xml:10:18-101
67        <service android:name="com.google.android.gms.cast.framework.ReconnectionService" />
67-->[com.google.android.gms:play-services-cast-framework:12.0.1] AndroidManifest.xml:11:9-93
67-->[com.google.android.gms:play-services-cast-framework:12.0.1] AndroidManifest.xml:11:18-90
68
69        <activity
69-->[:swachbharatabhiyanlibrary-release:] AndroidManifest.xml:38:9-46:20
70            android:name="com.appynitty.swachbharatabhiyanlibrary.activity.WasteHistoryDetailsActivity"
70-->[:swachbharatabhiyanlibrary-release:] AndroidManifest.xml:39:13-104
71            android:label="@string/title_activity_waste_history_details"
71-->[:swachbharatabhiyanlibrary-release:] AndroidManifest.xml:40:13-73
72            android:parentActivityName="com.appynitty.swachbharatabhiyanlibrary.activity.WasteHistoryActivity"
72-->[:swachbharatabhiyanlibrary-release:] AndroidManifest.xml:41:13-111
73            android:theme="@style/AppTheme.NoActionBar" >
73-->[:swachbharatabhiyanlibrary-release:] AndroidManifest.xml:42:13-56
74            <meta-data
74-->[:swachbharatabhiyanlibrary-release:] AndroidManifest.xml:43:13-45:105
75                android:name="android.support.PARENT_ACTIVITY"
75-->[:swachbharatabhiyanlibrary-release:] AndroidManifest.xml:44:17-63
76                android:value="com.appynitty.swachbharatabhiyanlibrary.activity.WasteHistoryActivity" />
76-->[:swachbharatabhiyanlibrary-release:] AndroidManifest.xml:45:17-102
77        </activity>
78        <activity
78-->[:swachbharatabhiyanlibrary-release:] AndroidManifest.xml:47:9-50:59
79            android:name="com.appynitty.swachbharatabhiyanlibrary.activity.WasteSyncOfflineActivity"
79-->[:swachbharatabhiyanlibrary-release:] AndroidManifest.xml:48:13-101
80            android:label="@string/title_activity_waste_sync_offline"
80-->[:swachbharatabhiyanlibrary-release:] AndroidManifest.xml:49:13-70
81            android:theme="@style/AppTheme.NoActionBar" />
81-->[:swachbharatabhiyanlibrary-release:] AndroidManifest.xml:50:13-56
82        <activity
82-->[:swachbharatabhiyanlibrary-release:] AndroidManifest.xml:51:9-54:59
83            android:name="com.appynitty.swachbharatabhiyanlibrary.activity.SyncOfflineActivity"
83-->[:swachbharatabhiyanlibrary-release:] AndroidManifest.xml:52:13-96
84            android:label="@string/title_activity_sync_offline"
84-->[:swachbharatabhiyanlibrary-release:] AndroidManifest.xml:53:13-64
85            android:theme="@style/AppTheme.NoActionBar" />
85-->[:swachbharatabhiyanlibrary-release:] AndroidManifest.xml:54:13-56
86        <activity
86-->[:swachbharatabhiyanlibrary-release:] AndroidManifest.xml:55:9-58:59
87            android:name="com.appynitty.swachbharatabhiyanlibrary.activity.SplashScreenActivity"
87-->[:swachbharatabhiyanlibrary-release:] AndroidManifest.xml:56:13-97
88            android:label="@string/app_name"
88-->[:swachbharatabhiyanlibrary-release:] AndroidManifest.xml:57:13-45
89            android:theme="@style/AppTheme.NoActionBar" />
89-->[:swachbharatabhiyanlibrary-release:] AndroidManifest.xml:58:13-56
90        <activity
90-->[:swachbharatabhiyanlibrary-release:] AndroidManifest.xml:59:9-62:59
91            android:name="com.appynitty.swachbharatabhiyanlibrary.activity.LoginActivity"
91-->[:swachbharatabhiyanlibrary-release:] AndroidManifest.xml:60:13-90
92            android:label="@string/app_name"
92-->[:swachbharatabhiyanlibrary-release:] AndroidManifest.xml:61:13-45
93            android:theme="@style/AppTheme.NoActionBar" />
93-->[:swachbharatabhiyanlibrary-release:] AndroidManifest.xml:62:13-56
94        <activity
94-->[:swachbharatabhiyanlibrary-release:] AndroidManifest.xml:63:9-66:59
95            android:name="com.appynitty.swachbharatabhiyanlibrary.activity.DashboardActivity"
95-->[:swachbharatabhiyanlibrary-release:] AndroidManifest.xml:64:13-94
96            android:label="@string/title_activity_dashboard"
96-->[:swachbharatabhiyanlibrary-release:] AndroidManifest.xml:65:13-61
97            android:theme="@style/AppTheme.NoActionBar" />
97-->[:swachbharatabhiyanlibrary-release:] AndroidManifest.xml:66:13-56
98        <activity
98-->[:swachbharatabhiyanlibrary-release:] AndroidManifest.xml:67:9-70:59
99            android:name="com.appynitty.swachbharatabhiyanlibrary.activity.SettingsActivity"
99-->[:swachbharatabhiyanlibrary-release:] AndroidManifest.xml:68:13-93
100            android:label="@string/about_appynitty"
100-->[:swachbharatabhiyanlibrary-release:] AndroidManifest.xml:69:13-52
101            android:theme="@style/AppTheme.NoActionBar" />
101-->[:swachbharatabhiyanlibrary-release:] AndroidManifest.xml:70:13-56
102        <activity
102-->[:swachbharatabhiyanlibrary-release:] AndroidManifest.xml:71:9-74:59
103            android:name="com.appynitty.swachbharatabhiyanlibrary.activity.QRcodeScannerActivity"
103-->[:swachbharatabhiyanlibrary-release:] AndroidManifest.xml:72:13-98
104            android:label="@string/title_activity_qrcode_scanner"
104-->[:swachbharatabhiyanlibrary-release:] AndroidManifest.xml:73:13-66
105            android:theme="@style/AppTheme.NoActionBar" />
105-->[:swachbharatabhiyanlibrary-release:] AndroidManifest.xml:74:13-56
106        <activity
106-->[:swachbharatabhiyanlibrary-release:] AndroidManifest.xml:75:9-78:59
107            android:name="com.appynitty.swachbharatabhiyanlibrary.activity.TakePhotoActivity"
107-->[:swachbharatabhiyanlibrary-release:] AndroidManifest.xml:76:13-94
108            android:label="@string/title_activity_take_photo"
108-->[:swachbharatabhiyanlibrary-release:] AndroidManifest.xml:77:13-62
109            android:theme="@style/AppTheme.NoActionBar" />
109-->[:swachbharatabhiyanlibrary-release:] AndroidManifest.xml:78:13-56
110        <activity
110-->[:swachbharatabhiyanlibrary-release:] AndroidManifest.xml:79:9-82:59
111            android:name="com.appynitty.swachbharatabhiyanlibrary.activity.ProfilePageActivity"
111-->[:swachbharatabhiyanlibrary-release:] AndroidManifest.xml:80:13-96
112            android:label="@string/title_activity_profile_page"
112-->[:swachbharatabhiyanlibrary-release:] AndroidManifest.xml:81:13-64
113            android:theme="@style/AppTheme.NoActionBar" />
113-->[:swachbharatabhiyanlibrary-release:] AndroidManifest.xml:82:13-56
114        <activity
114-->[:swachbharatabhiyanlibrary-release:] AndroidManifest.xml:83:9-86:59
115            android:name="com.appynitty.swachbharatabhiyanlibrary.activity.HistoryPageActivity"
115-->[:swachbharatabhiyanlibrary-release:] AndroidManifest.xml:84:13-96
116            android:label="@string/title_activity_history_page"
116-->[:swachbharatabhiyanlibrary-release:] AndroidManifest.xml:85:13-64
117            android:theme="@style/AppTheme.NoActionBar" />
117-->[:swachbharatabhiyanlibrary-release:] AndroidManifest.xml:86:13-56
118        <activity
118-->[:swachbharatabhiyanlibrary-release:] AndroidManifest.xml:87:9-90:59
119            android:name="com.appynitty.swachbharatabhiyanlibrary.activity.HistoryDetailsPageActivity"
119-->[:swachbharatabhiyanlibrary-release:] AndroidManifest.xml:88:13-103
120            android:label="@string/title_activity_history_page"
120-->[:swachbharatabhiyanlibrary-release:] AndroidManifest.xml:89:13-64
121            android:theme="@style/AppTheme.NoActionBar" />
121-->[:swachbharatabhiyanlibrary-release:] AndroidManifest.xml:90:13-56
122        <activity
122-->[:swachbharatabhiyanlibrary-release:] AndroidManifest.xml:91:9-95:58
123            android:name="com.appynitty.swachbharatabhiyanlibrary.activity.BroadcastActivity"
123-->[:swachbharatabhiyanlibrary-release:] AndroidManifest.xml:92:13-94
124            android:label="@string/title_activity_history_page"
124-->[:swachbharatabhiyanlibrary-release:] AndroidManifest.xml:93:13-64
125            android:theme="@style/AppTheme.NoActionBar"
125-->[:swachbharatabhiyanlibrary-release:] AndroidManifest.xml:94:13-56
126            android:windowSoftInputMode="stateVisible" />
126-->[:swachbharatabhiyanlibrary-release:] AndroidManifest.xml:95:13-55
127        <activity
127-->[:swachbharatabhiyanlibrary-release:] AndroidManifest.xml:96:9-99:59
128            android:name="com.appynitty.swachbharatabhiyanlibrary.activity.DumpYardWeightActivity"
128-->[:swachbharatabhiyanlibrary-release:] AndroidManifest.xml:97:13-99
129            android:label="@string/title_activity_dump_yard_weight"
129-->[:swachbharatabhiyanlibrary-release:] AndroidManifest.xml:98:13-68
130            android:theme="@style/AppTheme.NoActionBar" />
130-->[:swachbharatabhiyanlibrary-release:] AndroidManifest.xml:99:13-56
131        <activity
131-->[:swachbharatabhiyanlibrary-release:] AndroidManifest.xml:100:9-103:59
132            android:name="com.appynitty.swachbharatabhiyanlibrary.activity.EmpDashboardActivity"
132-->[:swachbharatabhiyanlibrary-release:] AndroidManifest.xml:101:13-97
133            android:label="@string/title_activity_dashboard"
133-->[:swachbharatabhiyanlibrary-release:] AndroidManifest.xml:102:13-61
134            android:theme="@style/AppTheme.NoActionBar" />
134-->[:swachbharatabhiyanlibrary-release:] AndroidManifest.xml:103:13-56
135        <activity
135-->[:swachbharatabhiyanlibrary-release:] AndroidManifest.xml:104:9-107:59
136            android:name="com.appynitty.swachbharatabhiyanlibrary.activity.EmpQRcodeScannerActivity"
136-->[:swachbharatabhiyanlibrary-release:] AndroidManifest.xml:105:13-101
137            android:label="@string/title_activity_qrcode_scanner"
137-->[:swachbharatabhiyanlibrary-release:] AndroidManifest.xml:106:13-66
138            android:theme="@style/AppTheme.NoActionBar" />
138-->[:swachbharatabhiyanlibrary-release:] AndroidManifest.xml:107:13-56
139        <activity
139-->[:swachbharatabhiyanlibrary-release:] AndroidManifest.xml:108:9-111:59
140            android:name="com.appynitty.swachbharatabhiyanlibrary.activity.EmpHistoryPageActivity"
140-->[:swachbharatabhiyanlibrary-release:] AndroidManifest.xml:109:13-99
141            android:label="@string/title_activity_history_page"
141-->[:swachbharatabhiyanlibrary-release:] AndroidManifest.xml:110:13-64
142            android:theme="@style/AppTheme.NoActionBar" />
142-->[:swachbharatabhiyanlibrary-release:] AndroidManifest.xml:111:13-56
143        <activity
143-->[:swachbharatabhiyanlibrary-release:] AndroidManifest.xml:112:9-115:59
144            android:name="com.appynitty.swachbharatabhiyanlibrary.activity.EmpHistoryDetailsPageActivity"
144-->[:swachbharatabhiyanlibrary-release:] AndroidManifest.xml:113:13-106
145            android:label="@string/title_activity_history_page"
145-->[:swachbharatabhiyanlibrary-release:] AndroidManifest.xml:114:13-64
146            android:theme="@style/AppTheme.NoActionBar" />
146-->[:swachbharatabhiyanlibrary-release:] AndroidManifest.xml:115:13-56
147        <activity
147-->[:swachbharatabhiyanlibrary-release:] AndroidManifest.xml:116:9-119:59
148            android:name="com.appynitty.swachbharatabhiyanlibrary.activity.EmpAddLocationDetailsActivity"
148-->[:swachbharatabhiyanlibrary-release:] AndroidManifest.xml:117:13-106
149            android:label="@string/title_activity_emp_add_location_details"
149-->[:swachbharatabhiyanlibrary-release:] AndroidManifest.xml:118:13-76
150            android:theme="@style/AppTheme.NoActionBar" />
150-->[:swachbharatabhiyanlibrary-release:] AndroidManifest.xml:119:13-56
151        <activity
151-->[:swachbharatabhiyanlibrary-release:] AndroidManifest.xml:120:9-123:59
152            android:name="com.appynitty.swachbharatabhiyanlibrary.activity.WasteDashboardActivity"
152-->[:swachbharatabhiyanlibrary-release:] AndroidManifest.xml:121:13-99
153            android:label="@string/title_activity_dashboard"
153-->[:swachbharatabhiyanlibrary-release:] AndroidManifest.xml:122:13-61
154            android:theme="@style/AppTheme.NoActionBar" />
154-->[:swachbharatabhiyanlibrary-release:] AndroidManifest.xml:123:13-56
155        <activity
155-->[:swachbharatabhiyanlibrary-release:] AndroidManifest.xml:124:9-127:59
156            android:name="com.appynitty.swachbharatabhiyanlibrary.activity.WasteHistoryActivity"
156-->[:swachbharatabhiyanlibrary-release:] AndroidManifest.xml:125:13-97
157            android:label="@string/title_activity_waste_history"
157-->[:swachbharatabhiyanlibrary-release:] AndroidManifest.xml:126:13-65
158            android:theme="@style/AppTheme.NoActionBar" />
158-->[:swachbharatabhiyanlibrary-release:] AndroidManifest.xml:127:13-56
159        <activity
159-->[:swachbharatabhiyanlibrary-release:] AndroidManifest.xml:128:9-131:59
160            android:name="com.appynitty.swachbharatabhiyanlibrary.activity.WasteAddDetailsActivity"
160-->[:swachbharatabhiyanlibrary-release:] AndroidManifest.xml:129:13-100
161            android:label="@string/title_activity_waste_add_details"
161-->[:swachbharatabhiyanlibrary-release:] AndroidManifest.xml:130:13-69
162            android:theme="@style/AppTheme.NoActionBar" />
162-->[:swachbharatabhiyanlibrary-release:] AndroidManifest.xml:131:13-56
163
164        <service
164-->[:swachbharatabhiyanlibrary-release:] AndroidManifest.xml:133:9-136:56
165            android:name="com.appynitty.swachbharatabhiyanlibrary.services.ForgroundService"
165-->[:swachbharatabhiyanlibrary-release:] AndroidManifest.xml:134:13-93
166            android:enabled="true"
166-->[:swachbharatabhiyanlibrary-release:] AndroidManifest.xml:135:13-35
167            android:foregroundServiceType="location" />
167-->[:swachbharatabhiyanlibrary-release:] AndroidManifest.xml:136:13-53
168        <service
168-->[:swachbharatabhiyanlibrary-release:] AndroidManifest.xml:137:9-140:72
169            android:name="com.appynitty.swachbharatabhiyanlibrary.services.NetworkSchedulerService"
169-->[:swachbharatabhiyanlibrary-release:] AndroidManifest.xml:138:13-100
170            android:exported="true"
170-->[:swachbharatabhiyanlibrary-release:] AndroidManifest.xml:139:13-36
171            android:permission="android.permission.BIND_JOB_SERVICE" />
171-->[:swachbharatabhiyanlibrary-release:] AndroidManifest.xml:140:13-69
172
173        <receiver
173-->[:swachbharatabhiyanlibrary-release:] AndroidManifest.xml:142:9-146:57
174            android:name="com.appynitty.swachbharatabhiyanlibrary.services.RestarterBroadcastReceiver"
174-->[:swachbharatabhiyanlibrary-release:] AndroidManifest.xml:143:13-103
175            android:enabled="true"
175-->[:swachbharatabhiyanlibrary-release:] AndroidManifest.xml:144:13-35
176            android:exported="true"
176-->[:swachbharatabhiyanlibrary-release:] AndroidManifest.xml:145:13-36
177            android:label="RestartServiceWhenStopped" />
177-->[:swachbharatabhiyanlibrary-release:] AndroidManifest.xml:146:13-54
178
179        <provider
179-->[com.squareup.leakcanary:leakcanary-android-core:2.5] AndroidManifest.xml:29:9-37:20
180            android:name="leakcanary.internal.LeakCanaryFileProvider"
180-->[com.squareup.leakcanary:leakcanary-android-core:2.5] AndroidManifest.xml:30:13-70
181            android:authorities="com.squareup.leakcanary.fileprovider.com.appynitty.sba_deoli"
181-->[com.squareup.leakcanary:leakcanary-android-core:2.5] AndroidManifest.xml:31:13-88
182            android:exported="false"
182-->[com.squareup.leakcanary:leakcanary-android-core:2.5] AndroidManifest.xml:32:13-37
183            android:grantUriPermissions="true" >
183-->[com.squareup.leakcanary:leakcanary-android-core:2.5] AndroidManifest.xml:33:13-47
184            <meta-data
184-->[com.squareup.leakcanary:leakcanary-android-core:2.5] AndroidManifest.xml:34:13-36:66
185                android:name="android.support.FILE_PROVIDER_PATHS"
185-->[com.squareup.leakcanary:leakcanary-android-core:2.5] AndroidManifest.xml:35:17-67
186                android:resource="@xml/leak_canary_file_paths" />
186-->[com.squareup.leakcanary:leakcanary-android-core:2.5] AndroidManifest.xml:36:17-63
187        </provider>
188
189        <activity
189-->[com.squareup.leakcanary:leakcanary-android-core:2.5] AndroidManifest.xml:39:9-44:66
190            android:name="leakcanary.internal.activity.LeakActivity"
190-->[com.squareup.leakcanary:leakcanary-android-core:2.5] AndroidManifest.xml:40:13-69
191            android:icon="@mipmap/leak_canary_icon"
191-->[com.squareup.leakcanary:leakcanary-android-core:2.5] AndroidManifest.xml:41:13-52
192            android:label="@string/leak_canary_display_activity_label"
192-->[com.squareup.leakcanary:leakcanary-android-core:2.5] AndroidManifest.xml:42:13-71
193            android:taskAffinity="com.squareup.leakcanary.com.appynitty.sba_deoli"
193-->[com.squareup.leakcanary:leakcanary-android-core:2.5] AndroidManifest.xml:43:13-76
194            android:theme="@style/leak_canary_LeakCanary.Base" />
194-->[com.squareup.leakcanary:leakcanary-android-core:2.5] AndroidManifest.xml:44:13-63
195
196        <activity-alias
196-->[com.squareup.leakcanary:leakcanary-android-core:2.5] AndroidManifest.xml:46:9-62:26
197            android:name="leakcanary.internal.activity.LeakLauncherActivity"
197-->[com.squareup.leakcanary:leakcanary-android-core:2.5] AndroidManifest.xml:47:13-77
198            android:banner="@drawable/leak_canary_tv_icon"
198-->[com.squareup.leakcanary:leakcanary-android-core:2.5] AndroidManifest.xml:48:13-59
199            android:enabled="@bool/leak_canary_add_launcher_icon"
199-->[com.squareup.leakcanary:leakcanary-android-core:2.5] AndroidManifest.xml:49:13-66
200            android:icon="@mipmap/leak_canary_icon"
200-->[com.squareup.leakcanary:leakcanary-android-core:2.5] AndroidManifest.xml:50:13-52
201            android:label="@string/leak_canary_display_activity_label"
201-->[com.squareup.leakcanary:leakcanary-android-core:2.5] AndroidManifest.xml:51:13-71
202            android:targetActivity="leakcanary.internal.activity.LeakActivity"
202-->[com.squareup.leakcanary:leakcanary-android-core:2.5] AndroidManifest.xml:52:13-79
203            android:taskAffinity="com.squareup.leakcanary.com.appynitty.sba_deoli"
203-->[com.squareup.leakcanary:leakcanary-android-core:2.5] AndroidManifest.xml:53:13-76
204            android:theme="@style/leak_canary_LeakCanary.Base" >
204-->[com.squareup.leakcanary:leakcanary-android-core:2.5] AndroidManifest.xml:54:13-63
205            <intent-filter>
205-->[com.squareup.leakcanary:leakcanary-android-core:2.5] AndroidManifest.xml:55:13-61:29
206                <action android:name="android.intent.action.MAIN" />
206-->src/main/AndroidManifest.xml:21:17-69
206-->src/main/AndroidManifest.xml:21:25-66
207
208                <category android:name="android.intent.category.LAUNCHER" />
208-->src/main/AndroidManifest.xml:23:17-77
208-->src/main/AndroidManifest.xml:23:27-74
209                <!-- Android TV launcher intent -->
210                <category android:name="android.intent.category.LEANBACK_LAUNCHER" />
210-->[com.squareup.leakcanary:leakcanary-android-core:2.5] AndroidManifest.xml:60:17-86
210-->[com.squareup.leakcanary:leakcanary-android-core:2.5] AndroidManifest.xml:60:27-83
211            </intent-filter>
212        </activity-alias>
213
214        <activity
214-->[com.squareup.leakcanary:leakcanary-android-core:2.5] AndroidManifest.xml:64:9-70:68
215            android:name="leakcanary.internal.RequestStoragePermissionActivity"
215-->[com.squareup.leakcanary:leakcanary-android-core:2.5] AndroidManifest.xml:65:13-80
216            android:excludeFromRecents="true"
216-->[com.squareup.leakcanary:leakcanary-android-core:2.5] AndroidManifest.xml:66:13-46
217            android:icon="@mipmap/leak_canary_icon"
217-->[com.squareup.leakcanary:leakcanary-android-core:2.5] AndroidManifest.xml:67:13-52
218            android:label="@string/leak_canary_storage_permission_activity_label"
218-->[com.squareup.leakcanary:leakcanary-android-core:2.5] AndroidManifest.xml:68:13-82
219            android:taskAffinity="com.squareup.leakcanary.com.appynitty.sba_deoli"
219-->[com.squareup.leakcanary:leakcanary-android-core:2.5] AndroidManifest.xml:69:13-76
220            android:theme="@style/leak_canary_Theme.Transparent" />
220-->[com.squareup.leakcanary:leakcanary-android-core:2.5] AndroidManifest.xml:70:13-65
221
222        <receiver android:name="leakcanary.internal.NotificationReceiver" />
222-->[com.squareup.leakcanary:leakcanary-android-core:2.5] AndroidManifest.xml:72:9-77
222-->[com.squareup.leakcanary:leakcanary-android-core:2.5] AndroidManifest.xml:72:19-74
223
224        <provider
224-->[com.squareup.leakcanary:leakcanary-object-watcher-android:2.5] AndroidManifest.xml:8:9-12:40
225            android:name="leakcanary.internal.AppWatcherInstaller$MainProcess"
225-->[com.squareup.leakcanary:leakcanary-object-watcher-android:2.5] AndroidManifest.xml:9:13-79
226            android:authorities="com.appynitty.sba_deoli.leakcanary-installer"
226-->[com.squareup.leakcanary:leakcanary-object-watcher-android:2.5] AndroidManifest.xml:10:13-72
227            android:enabled="@bool/leak_canary_watcher_auto_install"
227-->[com.squareup.leakcanary:leakcanary-object-watcher-android:2.5] AndroidManifest.xml:11:13-69
228            android:exported="false" />
228-->[com.squareup.leakcanary:leakcanary-object-watcher-android:2.5] AndroidManifest.xml:12:13-37
229        <provider
229-->[com.squareup.leakcanary:plumber-android:2.5] AndroidManifest.xml:8:9-12:40
230            android:name="leakcanary.internal.PlumberInstaller"
230-->[com.squareup.leakcanary:plumber-android:2.5] AndroidManifest.xml:9:13-64
231            android:authorities="com.appynitty.sba_deoli.plumber-installer"
231-->[com.squareup.leakcanary:plumber-android:2.5] AndroidManifest.xml:10:13-69
232            android:enabled="@bool/leak_canary_plumber_auto_install"
232-->[com.squareup.leakcanary:plumber-android:2.5] AndroidManifest.xml:11:13-69
233            android:exported="false" />
233-->[com.squareup.leakcanary:plumber-android:2.5] AndroidManifest.xml:12:13-37
234
235        <receiver
235-->[com.google.android.gms:play-services-analytics:12.0.1] AndroidManifest.xml:30:9-34:20
236            android:name="com.google.android.gms.analytics.AnalyticsReceiver"